surfer initialized
---------- TextMessage (user) ----------
Execute the following task using the tools available to agents. If no relevant tool is available, simulate the functionality of the tool or you can access the internet or use your own knowledge for the task. Do not ask the user for clarification. For every task, make sure to contact and take advice from the relevant agents from the learning assistant system.Task: I have some doubts in boosting in ML. Help me clear my doubts.Avoid using beautifulsoup for fetching urls. They do not usually work. Make sure the links provided are working by asking the websurfer to read the page that gets displayed.If the links don't work, ask the websurfer to simply get any links that you can find.
---------- TextMessage (MagenticOneOrchestrator) ----------

We are working to address the following user request:

Execute the following task using the tools available to agents. If no relevant tool is available, simulate the functionality of the tool or you can access the internet or use your own knowledge for the task. Do not ask the user for clarification. For every task, make sure to contact and take advice from the relevant agents from the learning assistant system.Task: I have some doubts in boosting in ML. Help me clear my doubts.Avoid using beautifulsoup for fetching urls. They do not usually work. Make sure the links provided are working by asking the websurfer to read the page that gets displayed.If the links don't work, ask the websurfer to simply get any links that you can find.


To answer this request we have assembled the following team:

adaptive_learning_agent: An agent that provides assistance with ability to use tools.
progress_tracking_agent: An agent that provides assistance with ability to use tools.
assessment_agent: An agent that provides assistance with ability to use tools.
concept_clarification_agent: An agent that provides assistance with ability to use tools.
reminder_and_notification_manager_agent: An agent that provides assistance with ability to use tools.
WebSurfer: A helpful assistant with access to a web browser. Ask them to perform web searches, open pages, and interact with content (e.g., clicking links, scrolling the viewport, filling in form fields, etc.). It can also summarize the entire page, or answer questions based on the content of the page. It can also be asked to sleep and wait for pages to load, in cases where the page seems not yet fully loaded.
Coder: A helpful and general-purpose AI assistant that has strong language skills, Python skills, and Linux command line skills.


Here is an initial fact sheet to consider:

1. GIVEN OR VERIFIED FACTS

*   The user has doubts about boosting in machine learning.
*   The user wants help clearing their doubts about boosting.
*   The user wants to avoid using BeautifulSoup for fetching URLs.
*   The user wants to ensure links provided are working.
*   The user wants to get links that the websurfer can find if the previous links do not work.
*   The AI should consult relevant agents from a learning assistant system.
*   The AI should simulate tools if none are available.
*   The AI can access the internet.
*   The AI can use its own knowledge.

2.  FACTS TO LOOK UP

*   Specific details about boosting algorithms (e.g., AdaBoost, Gradient Boosting, XGBoost, LightGBM, CatBoost). Potential sources: Wikipedia, scikit-learn documentation, official documentation for XGBoost/LightGBM/CatBoost, academic papers on boosting.
*   Common misconceptions or areas of confusion regarding boosting. Potential sources: Stack Overflow, Towards Data Science, Machine Learning Mastery, blog posts discussing boosting techniques.
*   Specific explanations or tutorials addressing common boosting-related doubts. Potential sources: YouTube tutorials, online courses (Coursera, edX, Udacity), blog posts, documentation.
*   Recent advances or research in boosting techniques. Potential sources: ArXiv, Google Scholar, NeurIPS/ICML/ICLR conference proceedings.

3. FACTS TO DERIVE

*   Possible areas of confusion the user might have about boosting based on the general knowledge about the topic, the sources found online, and common student difficulties in related fields.
*   A structured explanation of boosting, addressing common doubts, and including links to relevant resources.

4. EDUCATED GUESSES

*   The user's doubts likely revolve around issues like:
    *   The basic principles of boosting (combining weak learners).
    *   How boosting algorithms differ from each other.
    *   Hyperparameter tuning in boosting.
    *   Overfitting in boosting models.
    *   The mathematical underpinnings of boosting.
    *   The advantages and disadvantages of boosting compared to other ML methods.
    *   Implementation details and practical considerations.
*   The user probably has some experience with other machine learning algorithms.



Here is the plan to follow as best as possible:

Here's a bullet-point plan to address the user's request, considering the team composition:

*   **Concept Clarification (Concept Clarification Agent):** Begin by identifying potential areas of confusion related to boosting in machine learning. Leverage the agent's expertise to create a structured approach for addressing common doubts.

*   **Information Gathering (WebSurfer):** Use the WebSurfer to find relevant and up-to-date resources on boosting, including explanations of different algorithms, common misconceptions, and practical tutorials. Focus on reliable sources like scikit-learn documentation, academic papers, and reputable blog posts. Ensure the links are working by asking the websurfer to read the content of the displayed pages and report any issues. If necessary, the WebSurfer should search for alternative links if the initial ones fail.

*   **Synthesis and Explanation (Adaptive Learning Agent, Coder):** Synthesize the information gathered by the WebSurfer into a clear and concise explanation of boosting. This should include:
    *   A general overview of boosting principles.
    *   Differences between popular boosting algorithms (AdaBoost, Gradient Boosting, XGBoost, LightGBM, CatBoost).
    *   Common challenges like overfitting and hyperparameter tuning.
    *   Code examples to illustrate the implementation (Coder).
    *   Links to the verified resources (WebSurfer).

*   **Presentation (Concept Clarification Agent, Adaptive Learning Agent):** Present the explanation to the user in a way that is easy to understand and addresses potential points of confusion. The Concept Clarification Agent can help refine the presentation to ensure clarity.

*   **Iterative Refinement:** Encourage the user to ask follow-up questions to further clarify any remaining doubts. Address these questions using the same approach as above (information gathering, synthesis, explanation).

The Progress Tracking Agent and Reminder & Notification Manager Agent are likely not necessary for this specific task. The Assessment Agent might be useful if the user requests some sort of self-assessment to gauge their understanding after the explanation.


---------- TextMessage (MagenticOneOrchestrator) ----------
Please search for reliable and up-to-date resources on boosting in machine learning. Focus on explanations of different boosting algorithms (AdaBoost, Gradient Boosting, XGBoost, LightGBM, CatBoost), common misconceptions, practical tutorials, and potential challenges like overfitting and hyperparameter tuning. Please provide a few links that seem most relevant, and then read the content of those links and confirm they are working and contain useful information. If a link is broken or does not contain relevant information, search for alternatives.
unhandled exception during asyncio.run() shutdown
task: <Task finished name='Task-43' coro=<SingleThreadedAgentRuntime._process_publish() done, defined at /home/ameya/.local/lib/python3.10/site-packages/autogen_core/_single_threaded_agent_runtime.py:494> exception=ValueError('task_done() called too many times')>
Traceback (most recent call last):
  File "/usr/lib/python3.10/asyncio/runners.py", line 44, in run
    return loop.run_until_complete(main)
  File "/usr/lib/python3.10/asyncio/base_events.py", line 636, in run_until_complete
    self.run_forever()
  File "/usr/lib/python3.10/asyncio/base_events.py", line 603, in run_forever
    self._run_once()
  File "/usr/lib/python3.10/asyncio/base_events.py", line 1871, in _run_once
    event_list = self._selector.select(timeout)
  File "/usr/lib/python3.10/selectors.py", line 469, in select
    fd_event_list = self._selector.poll(timeout, max_ev)
KeyboardInterrupt

During handling of the above exception, another exception occurred:

Traceback (most recent call last):
  File "/home/ameya/.local/lib/python3.10/site-packages/autogen_core/_single_threaded_agent_runtime.py", line 556, in _process_publish
    self._message_queue.task_done()
  File "/home/ameya/.local/lib/python3.10/site-packages/autogen_core/_queue.py", line 222, in task_done
    raise ValueError("task_done() called too many times")
ValueError: task_done() called too many times
Traceback (most recent call last):
  File "/home/ameya/Pictures/Pseudohackathon/LearningBuddy/AgentSystem/agentsys.py", line 93, in <module>
    asyncio.run(main())
  File "/usr/lib/python3.10/asyncio/runners.py", line 44, in run
    return loop.run_until_complete(main)
  File "/usr/lib/python3.10/asyncio/base_events.py", line 636, in run_until_complete
    self.run_forever()
  File "/usr/lib/python3.10/asyncio/base_events.py", line 603, in run_forever
    self._run_once()
  File "/usr/lib/python3.10/asyncio/base_events.py", line 1871, in _run_once
    event_list = self._selector.select(timeout)
  File "/usr/lib/python3.10/selectors.py", line 469, in select
    fd_event_list = self._selector.poll(timeout, max_ev)
KeyboardInterrupt
